[ INFO] [12 May 2016 15:28:54,468] (MainClass.java:initializeLogger:241)
Logging initialized.

[ INFO] [12 May 2016 15:28:54,471] (MainClass.java:main:172)
No of command line arguments = 5

[ INFO] [12 May 2016 15:28:54,472] (MainClass.java:main:174)
Argument 0 = C:/CI-WORKSPACE/Automater/CI_ProjectAutomator.xml

[ INFO] [12 May 2016 15:28:54,472] (MainClass.java:main:174)
Argument 1 = C:\SoftwareAG\IntegrationServer\instances\default\packages\WmDeployer\bin\\..\..\..\..\..\..\IntegrationServer\packages\WmDeployer\config\ProjectAutomatorForRuntime.xsd

[ INFO] [12 May 2016 15:28:54,472] (MainClass.java:main:174)
Argument 2 = C:\SoftwareAG\IntegrationServer\instances\default\packages\WmDeployer\bin\\..\..\..\..\..\..\IntegrationServer\packages\WmDeployer\config\ProjectAutomatorForRepository.xsd

[ INFO] [12 May 2016 15:28:54,472] (MainClass.java:main:174)
Argument 3 = C:\SoftwareAG\IntegrationServer\instances\default\packages\WmDeployer\bin\\..\..\..\..\..\..\IntegrationServer\packages\WmDeployer\bin\log4j.properties

[ INFO] [12 May 2016 15:28:54,472] (MainClass.java:main:174)
Argument 4 = 1

[ INFO] [12 May 2016 15:28:54,477] (MainClass.java:main:202)
Operating System on which ProjectAutomator is running is a WINDOWS or a WINDOWS Variant

[ INFO] [12 May 2016 15:28:54,605] (MainClass.java:<init>:50)
Started Operation of Deployer Test Suite

[ INFO] [12 May 2016 15:28:56,224] (KeyObfuscator.java:decryptAndUnobfuscate:161)
Successfully retrieved the key from the given obfuscated file.

[ INFO] [12 May 2016 15:28:56,253] (KeyObfuscator.java:decryptAndUnobfuscate:161)
Successfully retrieved the key from the given obfuscated file.

[ INFO] [12 May 2016 15:28:56,287] (KeyObfuscator.java:decryptAndUnobfuscate:161)
Successfully retrieved the key from the given obfuscated file.

[ INFO] [12 May 2016 15:28:56,327] (KeyObfuscator.java:decryptAndUnobfuscate:161)
Successfully retrieved the key from the given obfuscated file.

[ INFO] [12 May 2016 15:28:56,365] (ProjectPlanExecutorXMLParser.java:getDeployerServerDetails:448)
Using WmDeployer package on the Server localhost:5555 configured with the user Administrator

[DEBUG] [12 May 2016 15:28:56,369] (ServerAlias.java:doesServerAliasExist:92)
Checking if the  Server Alias local of pluginType IS&TN exists.

[DEBUG] [12 May 2016 15:28:56,537] (DeployerUtil.java:createISServerAliases:179)
Deleting IS Alias : aliasName = local@localhost:5555

[ INFO] [12 May 2016 15:28:56,569] (DeployerUtil.java:createISServerAliases:182)
Deleted IS Alias : aliasName = local@localhost:5555

[DEBUG] [12 May 2016 15:28:56,569] (DeployerUtil.java:createISServerAliases:185)
Creating IS Alias : aliasName = local@localhost:5555 with the user Administrator

[ INFO] [12 May 2016 15:28:56,635] (DeployerUtil.java:createISServerAliases:210)
Created IS Alias : aliasName = local@localhost:5555 with the user Administrator

[DEBUG] [12 May 2016 15:28:56,636] (ServerAlias.java:doesServerAliasExist:92)
Checking if the  Server Alias is_9555 of pluginType IS&TN exists.

[DEBUG] [12 May 2016 15:28:56,652] (DeployerUtil.java:createISServerAliases:179)
Deleting IS Alias : aliasName = is_9555@localhost:9555

[ INFO] [12 May 2016 15:28:56,727] (DeployerUtil.java:createISServerAliases:182)
Deleted IS Alias : aliasName = is_9555@localhost:9555

[DEBUG] [12 May 2016 15:28:56,727] (DeployerUtil.java:createISServerAliases:185)
Creating IS Alias : aliasName = is_9555@localhost:9555 with the user Administrator

[ INFO] [12 May 2016 15:28:56,755] (DeployerUtil.java:createISServerAliases:210)
Created IS Alias : aliasName = is_9555@localhost:9555 with the user Administrator

[DEBUG] [12 May 2016 15:28:56,757] (ServerAlias.java:doesServerAliasExist:92)
Checking if the  Server Alias CI_Builds of pluginType Repository exists.

[DEBUG] [12 May 2016 15:28:56,762] (DeployerUtil.java:createRepositoryServerAliases:1397)
Creating Repository Server Alias : aliasName = CI_Builds

[ INFO] [12 May 2016 15:28:56,784] (DeployerUtil.java:createRepositoryServerAliases:1400)
Created Repository Server Alias Alias : aliasName = CI_Builds

[ INFO] [12 May 2016 15:28:56,826] (RepoAssetUtil.java:getRepositoryComposite:288)
Adding asset GoogleB2B from srcAlias=CI_Builds to Deployment Set CI_Set

[DEBUG] [12 May 2016 15:28:56,826] (RepoAssetUtil.java:getRepositoryComposite:291)
CI_Builds$IS$GoogleB2B$COMPOSITE_INCL

[ INFO] [12 May 2016 15:28:56,826] (RepoAssetUtil.java:getRepositoryComposite:288)
Adding asset TNGoogleB2B from srcAlias=CI_Builds to Deployment Set CI_Set

[DEBUG] [12 May 2016 15:28:56,828] (RepoAssetUtil.java:getRepositoryComposite:291)
CI_Builds$IS$TNGoogleB2B$COMPOSITE_INCL

[DEBUG] [12 May 2016 15:28:56,832] (ProjectPlanExecutorXMLParser.java:getProjectDetails:608)
Deleting Project CI_TestProject1

[ INFO] [12 May 2016 15:28:56,850] (ProjectPlanExecutorXMLParser.java:getProjectDetails:613)
Creating Project CI_TestProject1

[ INFO] [12 May 2016 15:28:57,143] (ProjectPlanExecutorXMLParser.java:getProjectDetails:615)
Created Project CI_TestProject1

[DEBUG] [12 May 2016 15:28:57,143] (DeploymentSet.java:create:181)
Creating Deployment Set CI_Set of type Repository for project CI_TestProject1

[ INFO] [12 May 2016 15:28:57,214] (DeploymentSet.java:create:210)
Created Deployment Set CI_Set of type Repository for project CI_TestProject1

[DEBUG] [12 May 2016 15:28:57,214] (DeploymentSet.java:updateSourceServerAliasToSets:380)
Updating Source Server Aliases on Deployment Set CI_Set of type Repository for project CI_TestProject1

[ INFO] [12 May 2016 15:28:57,289] (DeploymentSet.java:updateSourceServerAliasToSets:425)
Updated Source Server Aliases on Deployment Set CI_Set of type Repository for project CI_TestProject1

[DEBUG] [12 May 2016 15:28:57,289] (DeploymentSet.java:addRepoCompositesToDeploymentSet:2820)
Adding Repository Objects to Deployment Set CI_Set of type Repository for project CI_TestProject1

[ INFO] [12 May 2016 15:28:57,537] (DeploymentSet.java:addRepoCompositesToDeploymentSet:2849)
Added Repository Objects to Deployment Set CI_Set of type Repository for project CI_TestProject1

[ INFO] [12 May 2016 15:28:57,936] (DeploymentMap.java:create:78)
Creating Deployment Map CI_Map in Project CI_TestProject1

[ INFO] [12 May 2016 15:28:57,984] (DeploymentMap.java:create:98)
Successfully created Deployment Map CI_Map in Project CI_TestProject1

[ INFO] [12 May 2016 15:28:58,073] (DeploymentCandidate.java:create:87)
Creating Deployment Candidate CI_Deploy with Deployment Map CI_Map for project CI_TestProject1

[ INFO] [12 May 2016 15:28:58,135] (DeploymentCandidate.java:create:115)
Successfully created Deployment Candidate CI_Deploy with Deployment Map CI_Map for project CI_TestProject1

[ INFO] [12 May 2016 15:28:58,181] (XMLReport.java:runExample:41)
Started Generating Report ... 

[ INFO] [12 May 2016 15:28:58,181] (XMLReport.java:createDOMTree:88)
Info Messages Size = 17

[ INFO] [12 May 2016 15:28:58,181] (XMLReport.java:createDOMTree:89)
Error Messages Size = 0

[ INFO] [12 May 2016 15:28:58,200] (XMLReport.java:runExample:44)
Generated Automation Test Suite Report file successfully.

[ INFO] [12 May 2016 15:28:58,910] (MainClass.java:initializeLogger:60)
Logging initialized.

[DEBUG] [12 May 2016 15:28:58,930] (ParseDeployerParams.java:parse:65)
[Deployer] Entering parse(String[] args) Method

[ INFO] [12 May 2016 15:28:58,936] (ParseDeployerParams.java:parse:1942)
[[DEP.0100.5.56] Operation] [DEP.0100.5.23] Deploy Deployment Candidate

[DEBUG] [12 May 2016 15:28:58,936] (ParseDeployerParams.java:validateCommandLineParametersForAction:2553)
[Deployer] Entering validateCommandLineParametersForAction(Args arg,	CommandLineParser parser)

[DEBUG] [12 May 2016 15:28:58,938] (ParseDeployerParams.java:validateCommandLineParametersForAction:2829)
[Deployer] [Param Authentication] 

[DEBUG] [12 May 2016 15:28:58,939] (ParseDeployerParams.java:validateCommandLineParametersForAction:2832)
[Deployer] [Config File Parameters]isUserSpecifiedinConfigFile = false

[DEBUG] [12 May 2016 15:28:58,939] (ParseDeployerParams.java:validateCommandLineParametersForAction:2835)
[Deployer] [Config File Parameters]isPasswordSpecifiedinConfigFile = false

[DEBUG] [12 May 2016 15:28:58,944] (ParseDeployerParams.java:validateCommandLineParametersForAction:2837)
[Deployer] Operation invoked by User Administrator on Deployer localhost:5555

[DEBUG] [12 May 2016 15:28:58,944] (ParseDeployerParams.java:printParamMap:5114)
[Deployer][ParamMap] Key = port Value = 5555

[DEBUG] [12 May 2016 15:28:58,945] (ParseDeployerParams.java:printParamMap:5114)
[Deployer][ParamMap] Key = host Value = localhost

[DEBUG] [12 May 2016 15:28:58,945] (ParseDeployerParams.java:printParamMap:5114)
[Deployer][ParamMap] Key = action Value = deploy

[DEBUG] [12 May 2016 15:28:58,945] (ParseDeployerParams.java:printParamMap:5111)
[Deployer][ParamMap] Key = pwd.Value present but not shown.

[DEBUG] [12 May 2016 15:28:58,945] (ParseDeployerParams.java:printParamMap:5114)
[Deployer][ParamMap] Key = user Value = Administrator

[ INFO] [12 May 2016 15:28:58,946] (ParseDeployerParams.java:validateCommandLineParametersForAction:3989)
[[DEP.0100.5.56] Operation] [DEP.0100.5.23] Deploy Deployment Candidate

[DEBUG] [12 May 2016 15:28:58,946] (ParseDeployerParams.java:validateCommandLineParametersForAction:5081)
[Deployer] Exiting validateCommandLineParametersForAction(Args arg,	CommandLineParser parser)

[DEBUG] [12 May 2016 15:28:58,951] (DeployerServiceUtils.java:deployAction:657)
[Deployer] Entering deployAction(HashMap paramMap) Method

[DEBUG] [12 May 2016 15:28:58,953] (DeployerServiceUtils.java:deployAction:660)
[Deployer] Invoking Service wm.deployer.UIDeployer.deployToTargets on Deployer localhost:5555

[DEBUG] [12 May 2016 15:28:58,953] (DeployerServiceUtils.java:deployAction:666)
[Deployer] Service invoked by User Administrator

[DEBUG] [12 May 2016 15:28:58,953] (DeployerServiceUtils.java:deployAction:668)
[Deployer] Parameters to the service 

[DEBUG] [12 May 2016 15:28:58,962] (DeployerServiceUtils.java:deployAction:680)
[Deployer] 	project = CI_PROJECT

[DEBUG] [12 May 2016 15:28:58,962] (DeployerServiceUtils.java:deployAction:680)
[Deployer] 	deploymentName = CI_DEPLOY

[DEBUG] [12 May 2016 15:28:58,962] (DeployerServiceUtils.java:deployAction:680)
[Deployer] 	preDeployString = false

[DEBUG] [12 May 2016 15:28:58,962] (DeployerServiceUtils.java:deployAction:680)
[Deployer] 	force = false

[DEBUG] [12 May 2016 15:28:58,962] (DeployerServiceUtils.java:deployAction:680)
[Deployer] 	reportFilePath = C:/CI-WORKSPACE/Builds/CurrentBuilds

[DEBUG] [12 May 2016 15:28:58,963] (DeployerServiceUtils.java:executeService:1484)
[Deployer] Entering executeService(String server, String user, String pwd, String packageStr, String service,IData inputDocument) Method

[DEBUG] [12 May 2016 15:28:59,565] (DeployerServiceUtils.java:executeService:1535)
[Deployer] Initiating connection Secure Socket Layer = false

[DEBUG] [12 May 2016 15:28:59,634] (DeployerServiceUtils.java:executeService:1537)
[Deployer] Connection Established Secure Socket Layer = false

[DEBUG] [12 May 2016 15:28:59,635] (DeployerServiceUtils.java:executeService:1539)
[Deployer] Executing Service wm.deployer.UIDeployer:deployToTargets Secure Socket Layer = false

[DEBUG] [12 May 2016 15:28:59,664] (DeployerServiceUtils.java:executeService:1541)
[Deployer] Completed Executing Service wm.deployer.UIDeployer:deployToTargets Secure Socket Layer = false

[DEBUG] [12 May 2016 15:28:59,671] (DeployerServiceUtils.java:executeService:1577)
[Deployer] Exiting executeService(String server, String user, String pwd, String packageStr, String service,IData inputDocument) Method

[DEBUG] [12 May 2016 15:28:59,674] (DeployerServiceUtils.java:deployAction:710)
[Deployer Service Status] Stature returned with status error

[DEBUG] [12 May 2016 15:28:59,674] (DeployerServiceUtils.java:deployAction:714)
[Deployer Service Status] Message = [DEP.0002.0148] No such deployment candidate CI_DEPLOY found in project CI_PROJECT. Delete and recreate the deployment candidate.

[DEBUG] [12 May 2016 15:28:59,675] (DeployerServiceUtils.java:deployAction:726)
[Deployer] Exiting deployAction(HashMap paramMap) Method

[DEBUG] [12 May 2016 15:28:59,676] (ParseDeployerParams.java:addStatusRecordToReport:5088)
[Deployer] Entering addStatusRecordToReport(int errorCode, String message, boolean isUsageRecord) Method

[DEBUG] [12 May 2016 15:28:59,677] (ParseDeployerParams.java:addStatusRecordToReport:5099)
[Deployer] Exiting addStatusRecordToReport(int errorCode, String message, boolean isUsageRecord) Method

[ INFO] [12 May 2016 15:28:59,678] (ParseDeployerParams.java:parse:1977)
[[DEP.0100.4.01] Error -999][DEP.0100.-999] Service Error [DEP.0002.0148] No such deployment candidate CI_DEPLOY found in project CI_PROJECT. Delete and recreate the deployment candidate.

[ INFO] [12 May 2016 15:38:20,727] (MainClass.java:initializeLogger:241)
Logging initialized.

[ INFO] [12 May 2016 15:38:20,731] (MainClass.java:main:172)
No of command line arguments = 5

[ INFO] [12 May 2016 15:38:20,731] (MainClass.java:main:174)
Argument 0 = C:/CI-WORKSPACE/Automater/CI_ProjectAutomator.xml

[ INFO] [12 May 2016 15:38:20,731] (MainClass.java:main:174)
Argument 1 = C:\SoftwareAG\IntegrationServer\instances\default\packages\WmDeployer\bin\\..\..\..\..\..\..\IntegrationServer\packages\WmDeployer\config\ProjectAutomatorForRuntime.xsd

[ INFO] [12 May 2016 15:38:20,732] (MainClass.java:main:174)
Argument 2 = C:\SoftwareAG\IntegrationServer\instances\default\packages\WmDeployer\bin\\..\..\..\..\..\..\IntegrationServer\packages\WmDeployer\config\ProjectAutomatorForRepository.xsd

[ INFO] [12 May 2016 15:38:20,732] (MainClass.java:main:174)
Argument 3 = C:\SoftwareAG\IntegrationServer\instances\default\packages\WmDeployer\bin\\..\..\..\..\..\..\IntegrationServer\packages\WmDeployer\bin\log4j.properties

[ INFO] [12 May 2016 15:38:20,732] (MainClass.java:main:174)
Argument 4 = 1

[ INFO] [12 May 2016 15:38:20,735] (MainClass.java:main:202)
Operating System on which ProjectAutomator is running is a WINDOWS or a WINDOWS Variant

[ INFO] [12 May 2016 15:38:20,871] (MainClass.java:<init>:50)
Started Operation of Deployer Test Suite

[ INFO] [12 May 2016 15:38:22,511] (KeyObfuscator.java:decryptAndUnobfuscate:161)
Successfully retrieved the key from the given obfuscated file.

[ INFO] [12 May 2016 15:38:22,537] (KeyObfuscator.java:decryptAndUnobfuscate:161)
Successfully retrieved the key from the given obfuscated file.

[ INFO] [12 May 2016 15:38:22,574] (ProjectPlanExecutorXMLParser.java:getDeployerServerDetails:448)
Using WmDeployer package on the Server localhost:5555 configured with the user Administrator

[DEBUG] [12 May 2016 15:38:22,577] (ServerAlias.java:doesServerAliasExist:92)
Checking if the  Server Alias local of pluginType IS&TN exists.

[DEBUG] [12 May 2016 15:38:22,726] (DeployerUtil.java:createISServerAliases:179)
Deleting IS Alias : aliasName = local@localhost:5555

[ INFO] [12 May 2016 15:38:22,748] (DeployerUtil.java:createISServerAliases:182)
Deleted IS Alias : aliasName = local@localhost:5555

[DEBUG] [12 May 2016 15:38:22,748] (DeployerUtil.java:createISServerAliases:185)
Creating IS Alias : aliasName = local@localhost:5555 with the user Administrator

[ INFO] [12 May 2016 15:38:22,781] (KeyObfuscator.java:decryptAndUnobfuscate:161)
Successfully retrieved the key from the given obfuscated file.

[ INFO] [12 May 2016 15:38:22,795] (KeyObfuscator.java:decryptAndUnobfuscate:161)
Successfully retrieved the key from the given obfuscated file.

[ INFO] [12 May 2016 15:38:22,835] (DeployerUtil.java:createISServerAliases:210)
Created IS Alias : aliasName = local@localhost:5555 with the user Administrator

[DEBUG] [12 May 2016 15:38:22,835] (ServerAlias.java:doesServerAliasExist:92)
Checking if the  Server Alias is_9555 of pluginType IS&TN exists.

[DEBUG] [12 May 2016 15:38:22,841] (DeployerUtil.java:createISServerAliases:179)
Deleting IS Alias : aliasName = is_9555@localhost:9555

[ INFO] [12 May 2016 15:38:22,858] (DeployerUtil.java:createISServerAliases:182)
Deleted IS Alias : aliasName = is_9555@localhost:9555

[DEBUG] [12 May 2016 15:38:22,858] (DeployerUtil.java:createISServerAliases:185)
Creating IS Alias : aliasName = is_9555@localhost:9555 with the user Administrator

[ INFO] [12 May 2016 15:38:22,881] (DeployerUtil.java:createISServerAliases:210)
Created IS Alias : aliasName = is_9555@localhost:9555 with the user Administrator

[DEBUG] [12 May 2016 15:38:22,882] (ServerAlias.java:doesServerAliasExist:92)
Checking if the  Server Alias CI_Builds of pluginType Repository exists.

[DEBUG] [12 May 2016 15:38:22,888] (DeployerUtil.java:createRepositoryServerAliases:1391)
Deleting Repository Server Alias CI_Builds

[ INFO] [12 May 2016 15:38:22,893] (DeployerUtil.java:createRepositoryServerAliases:1394)
Deleted Repository Server Alias CI_Builds

[DEBUG] [12 May 2016 15:38:22,893] (DeployerUtil.java:createRepositoryServerAliases:1397)
Creating Repository Server Alias : aliasName = CI_Builds

[ INFO] [12 May 2016 15:38:22,905] (DeployerUtil.java:createRepositoryServerAliases:1400)
Created Repository Server Alias Alias : aliasName = CI_Builds

[ INFO] [12 May 2016 15:38:22,923] (RepoAssetUtil.java:getRepositoryComposite:288)
Adding asset GoogleB2B from srcAlias=CI_Builds to Deployment Set CI_Set

[DEBUG] [12 May 2016 15:38:22,923] (RepoAssetUtil.java:getRepositoryComposite:291)
CI_Builds$IS$GoogleB2B$COMPOSITE_INCL

[ INFO] [12 May 2016 15:38:22,924] (RepoAssetUtil.java:getRepositoryComposite:288)
Adding asset TNGoogleB2B from srcAlias=CI_Builds to Deployment Set CI_Set

[DEBUG] [12 May 2016 15:38:22,924] (RepoAssetUtil.java:getRepositoryComposite:291)
CI_Builds$IS$TNGoogleB2B$COMPOSITE_INCL

[DEBUG] [12 May 2016 15:38:22,926] (ProjectPlanExecutorXMLParser.java:getProjectDetails:608)
Deleting Project CI_TestProject1

[ INFO] [12 May 2016 15:38:23,034] (ProjectPlanExecutorXMLParser.java:getProjectDetails:611)
Deleted Project CI_TestProject1

[ INFO] [12 May 2016 15:38:23,034] (ProjectPlanExecutorXMLParser.java:getProjectDetails:613)
Creating Project CI_TestProject1

[ INFO] [12 May 2016 15:38:23,127] (ProjectPlanExecutorXMLParser.java:getProjectDetails:615)
Created Project CI_TestProject1

[DEBUG] [12 May 2016 15:38:23,127] (DeploymentSet.java:create:181)
Creating Deployment Set CI_Set of type Repository for project CI_TestProject1

[ INFO] [12 May 2016 15:38:23,151] (DeploymentSet.java:create:210)
Created Deployment Set CI_Set of type Repository for project CI_TestProject1

[DEBUG] [12 May 2016 15:38:23,152] (DeploymentSet.java:updateSourceServerAliasToSets:380)
Updating Source Server Aliases on Deployment Set CI_Set of type Repository for project CI_TestProject1

[ INFO] [12 May 2016 15:38:23,183] (DeploymentSet.java:updateSourceServerAliasToSets:425)
Updated Source Server Aliases on Deployment Set CI_Set of type Repository for project CI_TestProject1

[DEBUG] [12 May 2016 15:38:23,184] (DeploymentSet.java:addRepoCompositesToDeploymentSet:2820)
Adding Repository Objects to Deployment Set CI_Set of type Repository for project CI_TestProject1

[ INFO] [12 May 2016 15:38:23,277] (DeploymentSet.java:addRepoCompositesToDeploymentSet:2849)
Added Repository Objects to Deployment Set CI_Set of type Repository for project CI_TestProject1

[ INFO] [12 May 2016 15:38:23,529] (DeploymentMap.java:create:78)
Creating Deployment Map CI_Map in Project CI_TestProject1

[ INFO] [12 May 2016 15:38:23,546] (DeploymentMap.java:create:98)
Successfully created Deployment Map CI_Map in Project CI_TestProject1

[ INFO] [12 May 2016 15:38:23,567] (DeploymentCandidate.java:create:87)
Creating Deployment Candidate CI_Deploy with Deployment Map CI_Map for project CI_TestProject1

[ INFO] [12 May 2016 15:38:23,581] (DeploymentCandidate.java:create:115)
Successfully created Deployment Candidate CI_Deploy with Deployment Map CI_Map for project CI_TestProject1

[ INFO] [12 May 2016 15:38:23,622] (XMLReport.java:runExample:41)
Started Generating Report ... 

[ INFO] [12 May 2016 15:38:23,622] (XMLReport.java:createDOMTree:88)
Info Messages Size = 19

[ INFO] [12 May 2016 15:38:23,622] (XMLReport.java:createDOMTree:89)
Error Messages Size = 0

[ INFO] [12 May 2016 15:38:23,642] (XMLReport.java:runExample:44)
Generated Automation Test Suite Report file successfully.

[ INFO] [12 May 2016 15:38:24,354] (MainClass.java:initializeLogger:60)
Logging initialized.

[DEBUG] [12 May 2016 15:38:24,378] (ParseDeployerParams.java:parse:65)
[Deployer] Entering parse(String[] args) Method

[ INFO] [12 May 2016 15:38:24,383] (ParseDeployerParams.java:parse:1942)
[[DEP.0100.5.56] Operation] [DEP.0100.5.23] Deploy Deployment Candidate

[DEBUG] [12 May 2016 15:38:24,383] (ParseDeployerParams.java:validateCommandLineParametersForAction:2553)
[Deployer] Entering validateCommandLineParametersForAction(Args arg,	CommandLineParser parser)

[DEBUG] [12 May 2016 15:38:24,385] (ParseDeployerParams.java:validateCommandLineParametersForAction:2829)
[Deployer] [Param Authentication] 

[DEBUG] [12 May 2016 15:38:24,385] (ParseDeployerParams.java:validateCommandLineParametersForAction:2832)
[Deployer] [Config File Parameters]isUserSpecifiedinConfigFile = false

[DEBUG] [12 May 2016 15:38:24,385] (ParseDeployerParams.java:validateCommandLineParametersForAction:2835)
[Deployer] [Config File Parameters]isPasswordSpecifiedinConfigFile = false

[DEBUG] [12 May 2016 15:38:24,390] (ParseDeployerParams.java:validateCommandLineParametersForAction:2837)
[Deployer] Operation invoked by User Administrator on Deployer localhost:5555

[DEBUG] [12 May 2016 15:38:24,390] (ParseDeployerParams.java:printParamMap:5114)
[Deployer][ParamMap] Key = port Value = 5555

[DEBUG] [12 May 2016 15:38:24,390] (ParseDeployerParams.java:printParamMap:5114)
[Deployer][ParamMap] Key = host Value = localhost

[DEBUG] [12 May 2016 15:38:24,391] (ParseDeployerParams.java:printParamMap:5114)
[Deployer][ParamMap] Key = action Value = deploy

[DEBUG] [12 May 2016 15:38:24,391] (ParseDeployerParams.java:printParamMap:5111)
[Deployer][ParamMap] Key = pwd.Value present but not shown.

[DEBUG] [12 May 2016 15:38:24,391] (ParseDeployerParams.java:printParamMap:5114)
[Deployer][ParamMap] Key = user Value = Administrator

[ INFO] [12 May 2016 15:38:24,391] (ParseDeployerParams.java:validateCommandLineParametersForAction:3989)
[[DEP.0100.5.56] Operation] [DEP.0100.5.23] Deploy Deployment Candidate

[DEBUG] [12 May 2016 15:38:24,391] (ParseDeployerParams.java:validateCommandLineParametersForAction:5081)
[Deployer] Exiting validateCommandLineParametersForAction(Args arg,	CommandLineParser parser)

[DEBUG] [12 May 2016 15:38:24,398] (DeployerServiceUtils.java:deployAction:657)
[Deployer] Entering deployAction(HashMap paramMap) Method

[DEBUG] [12 May 2016 15:38:24,399] (DeployerServiceUtils.java:deployAction:660)
[Deployer] Invoking Service wm.deployer.UIDeployer.deployToTargets on Deployer localhost:5555

[DEBUG] [12 May 2016 15:38:24,399] (DeployerServiceUtils.java:deployAction:666)
[Deployer] Service invoked by User Administrator

[DEBUG] [12 May 2016 15:38:24,400] (DeployerServiceUtils.java:deployAction:668)
[Deployer] Parameters to the service 

[DEBUG] [12 May 2016 15:38:24,406] (DeployerServiceUtils.java:deployAction:680)
[Deployer] 	project = CI_PROJECT

[DEBUG] [12 May 2016 15:38:24,406] (DeployerServiceUtils.java:deployAction:680)
[Deployer] 	deploymentName = CI_DEPLOY

[DEBUG] [12 May 2016 15:38:24,407] (DeployerServiceUtils.java:deployAction:680)
[Deployer] 	preDeployString = false

[DEBUG] [12 May 2016 15:38:24,407] (DeployerServiceUtils.java:deployAction:680)
[Deployer] 	force = false

[DEBUG] [12 May 2016 15:38:24,407] (DeployerServiceUtils.java:deployAction:680)
[Deployer] 	reportFilePath = C:/CI-WORKSPACE/Builds/CurrentBuilds

[DEBUG] [12 May 2016 15:38:24,407] (DeployerServiceUtils.java:executeService:1484)
[Deployer] Entering executeService(String server, String user, String pwd, String packageStr, String service,IData inputDocument) Method

[DEBUG] [12 May 2016 15:38:24,878] (DeployerServiceUtils.java:executeService:1535)
[Deployer] Initiating connection Secure Socket Layer = false

[DEBUG] [12 May 2016 15:38:24,950] (DeployerServiceUtils.java:executeService:1537)
[Deployer] Connection Established Secure Socket Layer = false

[DEBUG] [12 May 2016 15:38:24,950] (DeployerServiceUtils.java:executeService:1539)
[Deployer] Executing Service wm.deployer.UIDeployer:deployToTargets Secure Socket Layer = false

[DEBUG] [12 May 2016 15:38:24,958] (DeployerServiceUtils.java:executeService:1541)
[Deployer] Completed Executing Service wm.deployer.UIDeployer:deployToTargets Secure Socket Layer = false

[DEBUG] [12 May 2016 15:38:24,960] (DeployerServiceUtils.java:executeService:1577)
[Deployer] Exiting executeService(String server, String user, String pwd, String packageStr, String service,IData inputDocument) Method

[DEBUG] [12 May 2016 15:38:24,960] (DeployerServiceUtils.java:deployAction:710)
[Deployer Service Status] Stature returned with status error

[DEBUG] [12 May 2016 15:38:24,961] (DeployerServiceUtils.java:deployAction:714)
[Deployer Service Status] Message = [DEP.0002.0148] No such deployment candidate CI_DEPLOY found in project CI_PROJECT. Delete and recreate the deployment candidate.

[DEBUG] [12 May 2016 15:38:24,961] (DeployerServiceUtils.java:deployAction:726)
[Deployer] Exiting deployAction(HashMap paramMap) Method

[DEBUG] [12 May 2016 15:38:24,961] (ParseDeployerParams.java:addStatusRecordToReport:5088)
[Deployer] Entering addStatusRecordToReport(int errorCode, String message, boolean isUsageRecord) Method

[DEBUG] [12 May 2016 15:38:24,962] (ParseDeployerParams.java:addStatusRecordToReport:5099)
[Deployer] Exiting addStatusRecordToReport(int errorCode, String message, boolean isUsageRecord) Method

[ INFO] [12 May 2016 15:38:24,962] (ParseDeployerParams.java:parse:1977)
[[DEP.0100.4.01] Error -999][DEP.0100.-999] Service Error [DEP.0002.0148] No such deployment candidate CI_DEPLOY found in project CI_PROJECT. Delete and recreate the deployment candidate.

